<?xml version="1.0" encoding="UTF-8"?>
<!-- Generated by org.testng.reporters.JUnitReportReporter -->
<testsuite hostname="LAPTOP-HJIGUCQE" failures="0" tests="3" name="com.simplilearn.Project2.WebTest" time="17.987" errors="0" timestamp="2022-03-23T22:25:30 IST" skipped="0">
  <testcase classname="com.simplilearn.Project2.WebTest" name="register" time="7.181"/>
  <system-out/>
  <testcase classname="com.simplilearn.Project2.WebTest" name="login" time="5.412"/>
  <system-out/>
  <testcase classname="com.simplilearn.Project2.WebTest" name="addToCart" time="5.394"/>
  <system-out/>
</testsuite> <!-- com.simplilearn.Project2.WebTest -->
