<?xml version="1.0" encoding="UTF-8"?>
<!-- Generated by org.testng.reporters.JUnitReportReporter -->
<testsuite hostname="LAPTOP-HJIGUCQE" failures="0" tests="3" name="com.simplilearn.Project2.WebTest" time="57.710" errors="0" timestamp="2022-03-23T22:20:21 IST" skipped="0">
  <testcase classname="com.simplilearn.Project2.WebTest" name="register" time="12.687"/>
  <system-out/>
  <testcase classname="com.simplilearn.Project2.WebTest" name="login" time="17.596"/>
  <system-out/>
  <testcase classname="com.simplilearn.Project2.WebTest" name="addToCart" time="27.427"/>
  <system-out/>
</testsuite> <!-- com.simplilearn.Project2.WebTest -->
