<?xml version="1.0" encoding="UTF-8"?>
<!-- Generated by org.testng.reporters.JUnitReportReporter -->
<testsuite hostname="LAPTOP-HJIGUCQE" failures="0" tests="2" name="com.simplilearn.SeleJenk.FacebookTest" time="4.092" errors="0" timestamp="2022-03-21T14:20:23 IST" skipped="0">
  <testcase classname="com.simplilearn.SeleJenk.FacebookTest" name="launchFB" time="4.079"/>
  <system-out/>
  <testcase classname="com.simplilearn.SeleJenk.FacebookTest" name="testTitle" time="0.013"/>
  <system-out/>
</testsuite> <!-- com.simplilearn.SeleJenk.FacebookTest -->
