<?xml version="1.0" encoding="UTF-8"?>
<!-- Generated by org.testng.reporters.JUnitReportReporter -->
<testsuite hostname="LAPTOP-HJIGUCQE" failures="0" tests="2" name="com.simplilearn.testngselenium.FacebookTest" time="7.243" errors="0" timestamp="2022-03-17T22:21:07 IST" skipped="0">
  <testcase classname="com.simplilearn.testngselenium.FacebookTest" name="launchFb" time="4.101"/>
  <system-out/>
  <testcase classname="com.simplilearn.testngselenium.FacebookTest" name="login" time="3.142"/>
  <system-out/>
</testsuite> <!-- com.simplilearn.testngselenium.FacebookTest -->
