<?xml version="1.0" encoding="UTF-8"?>
<!-- Generated by org.testng.reporters.JUnitReportReporter -->
<testsuite hostname="LAPTOP-HJIGUCQE" failures="0" tests="2" name="com.simplilearn.testngselenium.SimpleTestNG" time="0.006" errors="0" timestamp="2022-03-17T22:21:07 IST" skipped="0">
  <testcase classname="com.simplilearn.testngselenium.SimpleTestNG" name="method1" time="0.004"/>
  <system-out/>
  <testcase classname="com.simplilearn.testngselenium.SimpleTestNG" name="method2" time="0.002"/>
  <system-out/>
</testsuite> <!-- com.simplilearn.testngselenium.SimpleTestNG -->
