<?xml version="1.0" encoding="UTF-8"?>
<!-- Generated by org.testng.reporters.JUnitReportReporter -->
<testsuite hostname="LAPTOP-HJIGUCQE" failures="0" tests="2" name="com.simplilearn.testngselenium.AssersionsDemo" time="8.937" errors="0" timestamp="2022-03-17T22:21:07 IST" skipped="0">
  <testcase classname="com.simplilearn.testngselenium.AssersionsDemo" name="login" time="2.448"/>
  <system-out/>
  <testcase classname="com.simplilearn.testngselenium.AssersionsDemo" name="titleTest" time="6.489"/>
  <system-out/>
</testsuite> <!-- com.simplilearn.testngselenium.AssersionsDemo -->
